2013/05/24 17:48:52 [error] [exception.CHttpException.404] exception 'CHttpException' with message 'Unable to resolve the request "admin/setting".' in /var/www/YiiRoot/framework/web/CWebApplication.php:286
Stack trace:
#0 /var/www/YiiRoot/framework/web/CWebApplication.php(141): CWebApplication->runController('admin/setting')
#1 /var/www/YiiRoot/framework/base/CApplication.php(169): CWebApplication->processRequest()
#2 /var/www/mysqlPanel/index.php(14): CApplication->run()
#3 {main}
REQUEST_URI=/mysqlPanel/admin/setting
---
2013/05/24 17:49:49 [error] [exception.CHttpException.404] exception 'CHttpException' with message 'Unable to resolve the request "admin/setting".' in /var/www/YiiRoot/framework/web/CWebApplication.php:286
Stack trace:
#0 /var/www/YiiRoot/framework/web/CWebApplication.php(141): CWebApplication->runController('admin/setting')
#1 /var/www/YiiRoot/framework/base/CApplication.php(169): CWebApplication->processRequest()
#2 /var/www/mysqlPanel/index.php(14): CApplication->run()
#3 {main}
REQUEST_URI=/mysqlPanel/admin/setting
---
2013/05/24 17:49:50 [error] [exception.CHttpException.404] exception 'CHttpException' with message 'Unable to resolve the request "admin/setting".' in /var/www/YiiRoot/framework/web/CWebApplication.php:286
Stack trace:
#0 /var/www/YiiRoot/framework/web/CWebApplication.php(141): CWebApplication->runController('admin/setting')
#1 /var/www/YiiRoot/framework/base/CApplication.php(169): CWebApplication->processRequest()
#2 /var/www/mysqlPanel/index.php(14): CApplication->run()
#3 {main}
REQUEST_URI=/mysqlPanel/admin/setting
---
2013/05/24 17:49:53 [error] [exception.CHttpException.404] exception 'CHttpException' with message 'Unable to resolve the request "admin/setting".' in /var/www/YiiRoot/framework/web/CWebApplication.php:286
Stack trace:
#0 /var/www/YiiRoot/framework/web/CWebApplication.php(141): CWebApplication->runController('admin/setting')
#1 /var/www/YiiRoot/framework/base/CApplication.php(169): CWebApplication->processRequest()
#2 /var/www/mysqlPanel/index.php(14): CApplication->run()
#3 {main}
REQUEST_URI=/mysqlPanel/admin/setting
---
2013/05/24 17:50:34 [error] [exception.CHttpException.404] exception 'CHttpException' with message 'Unable to resolve the request "admin/asda".' in /var/www/YiiRoot/framework/web/CWebApplication.php:286
Stack trace:
#0 /var/www/YiiRoot/framework/web/CWebApplication.php(141): CWebApplication->runController('admin/asda')
#1 /var/www/YiiRoot/framework/base/CApplication.php(169): CWebApplication->processRequest()
#2 /var/www/mysqlPanel/index.php(14): CApplication->run()
#3 {main}
REQUEST_URI=/mysqlPanel/admin/asda
---
2013/05/24 17:51:45 [error] [exception.CHttpException.404] exception 'CHttpException' with message 'Unable to resolve the request "admin/asda".' in /var/www/YiiRoot/framework/web/CWebApplication.php:286
Stack trace:
#0 /var/www/YiiRoot/framework/web/CWebApplication.php(141): CWebApplication->runController('admin/asda')
#1 /var/www/YiiRoot/framework/base/CApplication.php(169): CWebApplication->processRequest()
#2 /var/www/mysqlPanel/index.php(14): CApplication->run()
#3 {main}
REQUEST_URI=/mysqlPanel/admin/asda
---
2013/05/24 17:56:15 [error] [exception.CHttpException.404] exception 'CHttpException' with message 'Unable to resolve the request "admin/asda".' in /var/www/YiiRoot/framework/web/CWebApplication.php:286
Stack trace:
#0 /var/www/YiiRoot/framework/web/CWebApplication.php(141): CWebApplication->runController('admin/asda')
#1 /var/www/YiiRoot/framework/base/CApplication.php(169): CWebApplication->processRequest()
#2 /var/www/mysqlPanel/index.php(14): CApplication->run()
#3 {main}
REQUEST_URI=/mysqlPanel/admin/asda
---
2013/05/24 17:56:28 [error] [exception.CHttpException.404] exception 'CHttpException' with message 'Unable to resolve the request "admin/asda".' in /var/www/YiiRoot/framework/web/CWebApplication.php:286
Stack trace:
#0 /var/www/YiiRoot/framework/web/CWebApplication.php(141): CWebApplication->runController('admin/asda')
#1 /var/www/YiiRoot/framework/base/CApplication.php(169): CWebApplication->processRequest()
#2 /var/www/mysqlPanel/index.php(14): CApplication->run()
#3 {main}
REQUEST_URI=/mysqlPanel/admin/asda
---
2013/05/24 17:56:44 [error] [exception.CHttpException.404] exception 'CHttpException' with message 'Unable to resolve the request "admin/asda".' in /var/www/YiiRoot/framework/web/CWebApplication.php:286
Stack trace:
#0 /var/www/YiiRoot/framework/web/CWebApplication.php(141): CWebApplication->runController('admin/asda')
#1 /var/www/YiiRoot/framework/base/CApplication.php(169): CWebApplication->processRequest()
#2 /var/www/mysqlPanel/index.php(14): CApplication->run()
#3 {main}
REQUEST_URI=/mysqlPanel/admin/asda
---
2013/05/24 18:04:25 [error] [exception.CHttpException.404] exception 'CHttpException' with message 'Unable to resolve the request "admin/result/index".' in /var/www/YiiRoot/framework/web/CWebApplication.php:286
Stack trace:
#0 /var/www/YiiRoot/framework/web/CWebApplication.php(141): CWebApplication->runController('admin/result/in...')
#1 /var/www/YiiRoot/framework/base/CApplication.php(169): CWebApplication->processRequest()
#2 /var/www/mysqlPanel/index.php(14): CApplication->run()
#3 {main}
REQUEST_URI=/mysqlPanel/admin/result/index
HTTP_REFERER=http://localhost/mysqlPanel/admin
---
2013/05/24 19:19:43 [warning] [application] Failed to set unsafe attribute "question" of "Test".
in /var/www/mysqlPanel/protected/controllers/TestController.php (55)
in /var/www/mysqlPanel/index.php (14)
2013/05/24 19:20:34 [warning] [application] Failed to set unsafe attribute "question" of "Test".
in /var/www/mysqlPanel/protected/controllers/TestController.php (55)
in /var/www/mysqlPanel/index.php (14)
2013/05/24 19:26:39 [warning] [application] Failed to set unsafe attribute "question" of "Test".
in /var/www/mysqlPanel/protected/controllers/TestController.php (55)
in /var/www/mysqlPanel/index.php (14)
2013/05/24 19:27:54 [warning] [application] Failed to set unsafe attribute "question" of "Test".
in /var/www/mysqlPanel/protected/controllers/TestController.php (55)
in /var/www/mysqlPanel/index.php (14)
2013/05/24 19:31:33 [warning] [application] Failed to set unsafe attribute "question" of "Test".
in /var/www/mysqlPanel/protected/controllers/TestController.php (55)
in /var/www/mysqlPanel/index.php (14)
2013/05/24 19:42:29 [error] [php] Trying to get property of non-object (/var/www/YiiRoot/framework/base/CComponent.php(606) : eval()'d code:1)
Stack trace:
#0 /var/www/YiiRoot/framework/zii/widgets/grid/CButtonColumn.php(295): CButtonColumn->renderButton()
#1 /var/www/YiiRoot/framework/zii/widgets/grid/CGridColumn.php(144): CButtonColumn->renderDataCellContent()
#2 /var/www/YiiRoot/framework/zii/widgets/grid/CGridView.php(589): CButtonColumn->renderDataCell()
#3 /var/www/YiiRoot/framework/zii/widgets/grid/CGridView.php(545): CGridView->renderTableRow()
#4 /var/www/YiiRoot/framework/zii/widgets/grid/CGridView.php(455): CGridView->renderTableBody()
#5 /var/www/YiiRoot/framework/zii/widgets/CBaseListView.php(160): CGridView->renderItems()
#6 unknown(0): CGridView->renderSection()
#7 /var/www/YiiRoot/framework/zii/widgets/CBaseListView.php(143): preg_replace_callback()
#8 /var/www/YiiRoot/framework/zii/widgets/CBaseListView.php(128): CGridView->renderContent()
#9 /var/www/YiiRoot/framework/web/CBaseController.php(173): CGridView->run()
#10 /var/www/mysqlPanel/protected/modules/admin/views/result/index.php(45): ResultController->widget()
#11 /var/www/YiiRoot/framework/web/CBaseController.php(126): require()
#12 /var/www/YiiRoot/framework/web/CBaseController.php(95): ResultController->renderInternal()
#13 /var/www/YiiRoot/framework/web/CController.php(869): ResultController->renderFile()
#14 /var/www/YiiRoot/framework/web/CController.php(782): ResultController->renderPartial()
#15 /var/www/mysqlPanel/protected/modules/admin/controllers/ResultController.php(80): ResultController->render()
#16 /var/www/YiiRoot/framework/web/actions/CInlineAction.php(49): ResultController->actionIndex()
#17 /var/www/YiiRoot/framework/web/CController.php(308): CInlineAction->runWithParams()
#18 /var/www/YiiRoot/framework/web/filters/CFilterChain.php(133): ResultController->runAction()
#19 /var/www/YiiRoot/framework/web/filters/CFilter.php(40): CFilterChain->run()
#20 /var/www/YiiRoot/framework/web/CController.php(1145): CAccessControlFilter->filter()
#21 /var/www/YiiRoot/framework/web/filters/CInlineFilter.php(58): ResultController->filterAccessControl()
#22 /var/www/YiiRoot/framework/web/filters/CFilterChain.php(130): CInlineFilter->filter()
#23 /var/www/YiiRoot/framework/web/CController.php(291): CFilterChain->run()
#24 /var/www/YiiRoot/framework/web/CController.php(265): ResultController->runActionWithFilters()
#25 /var/www/YiiRoot/framework/web/CWebApplication.php(282): ResultController->run()
#26 /var/www/YiiRoot/framework/web/CWebApplication.php(141): CWebApplication->runController()
#27 /var/www/YiiRoot/framework/base/CApplication.php(169): CWebApplication->processRequest()
#28 /var/www/mysqlPanel/index.php(14): CWebApplication->run()
REQUEST_URI=/mysqlPanel/admin/result/index
in /var/www/mysqlPanel/protected/modules/admin/views/result/index.php (45)
in /var/www/mysqlPanel/protected/modules/admin/controllers/ResultController.php (80)
in /var/www/mysqlPanel/index.php (14)
2013/05/24 19:43:24 [error] [php] Undefined index: id (/var/www/YiiRoot/framework/base/CComponent.php(606) : eval()'d code:1)
Stack trace:
#0 /var/www/YiiRoot/framework/zii/widgets/grid/CButtonColumn.php(295): EButtonColumn->renderButton()
#1 /var/www/YiiRoot/framework/zii/widgets/grid/CGridColumn.php(144): EButtonColumn->renderDataCellContent()
#2 /var/www/YiiRoot/framework/zii/widgets/grid/CGridView.php(589): EButtonColumn->renderDataCell()
#3 /var/www/YiiRoot/framework/zii/widgets/grid/CGridView.php(545): CGridView->renderTableRow()
#4 /var/www/YiiRoot/framework/zii/widgets/grid/CGridView.php(455): CGridView->renderTableBody()
#5 /var/www/YiiRoot/framework/zii/widgets/CBaseListView.php(160): CGridView->renderItems()
#6 unknown(0): CGridView->renderSection()
#7 /var/www/YiiRoot/framework/zii/widgets/CBaseListView.php(143): preg_replace_callback()
#8 /var/www/YiiRoot/framework/zii/widgets/CBaseListView.php(128): CGridView->renderContent()
#9 /var/www/YiiRoot/framework/web/CBaseController.php(173): CGridView->run()
#10 /var/www/mysqlPanel/protected/modules/admin/views/result/index.php(48): ResultController->widget()
#11 /var/www/YiiRoot/framework/web/CBaseController.php(126): require()
#12 /var/www/YiiRoot/framework/web/CBaseController.php(95): ResultController->renderInternal()
#13 /var/www/YiiRoot/framework/web/CController.php(869): ResultController->renderFile()
#14 /var/www/YiiRoot/framework/web/CController.php(782): ResultController->renderPartial()
#15 /var/www/mysqlPanel/protected/modules/admin/controllers/ResultController.php(80): ResultController->render()
#16 /var/www/YiiRoot/framework/web/actions/CInlineAction.php(49): ResultController->actionIndex()
#17 /var/www/YiiRoot/framework/web/CController.php(308): CInlineAction->runWithParams()
#18 /var/www/YiiRoot/framework/web/filters/CFilterChain.php(133): ResultController->runAction()
#19 /var/www/YiiRoot/framework/web/filters/CFilter.php(40): CFilterChain->run()
#20 /var/www/YiiRoot/framework/web/CController.php(1145): CAccessControlFilter->filter()
#21 /var/www/YiiRoot/framework/web/filters/CInlineFilter.php(58): ResultController->filterAccessControl()
#22 /var/www/YiiRoot/framework/web/filters/CFilterChain.php(130): CInlineFilter->filter()
#23 /var/www/YiiRoot/framework/web/CController.php(291): CFilterChain->run()
#24 /var/www/YiiRoot/framework/web/CController.php(265): ResultController->runActionWithFilters()
#25 /var/www/YiiRoot/framework/web/CWebApplication.php(282): ResultController->run()
#26 /var/www/YiiRoot/framework/web/CWebApplication.php(141): CWebApplication->runController()
#27 /var/www/YiiRoot/framework/base/CApplication.php(169): CWebApplication->processRequest()
#28 /var/www/mysqlPanel/index.php(14): CWebApplication->run()
REQUEST_URI=/mysqlPanel/admin/result/index
in /var/www/mysqlPanel/protected/modules/admin/views/result/index.php (48)
in /var/www/mysqlPanel/protected/modules/admin/controllers/ResultController.php (80)
in /var/www/mysqlPanel/index.php (14)
2013/05/24 19:43:57 [error] [exception.CException] exception 'CException' with message 'Property "Result.userId" is not defined.' in /var/www/YiiRoot/framework/base/CComponent.php:130
Stack trace:
#0 /var/www/YiiRoot/framework/db/ar/CActiveRecord.php(143): CComponent->__get('userId')
#1 /var/www/YiiRoot/framework/web/helpers/CHtml.php(2255): CActiveRecord->__get('userId')
#2 /var/www/YiiRoot/framework/web/helpers/CHtml.php(1980): CHtml::resolveValue(Object(Result), 'userId')
#3 /var/www/YiiRoot/framework/web/helpers/CHtml.php(1257): CHtml::activeInputField('text', Object(Result), 'userId', Array)
#4 /var/www/YiiRoot/framework/zii/widgets/grid/CDataColumn.php(97): CHtml::activeTextField(Object(Result), 'userId', Array)
#5 /var/www/YiiRoot/framework/zii/widgets/grid/CGridColumn.php(109): CDataColumn->renderFilterCellContent()
#6 /var/www/YiiRoot/framework/zii/widgets/grid/CGridView.php(505): CGridColumn->renderFilterCell()
#7 /var/www/YiiRoot/framework/zii/widgets/grid/CGridView.php(483): CGridView->renderFilter()
#8 /var/www/YiiRoot/framework/zii/widgets/grid/CGridView.php(453): CGridView->renderTableHeader()
#9 /var/www/YiiRoot/framework/zii/widgets/CBaseListView.php(160): CGridView->renderItems()
#10 [internal function]: CBaseListView->renderSection(Array)
#11 /var/www/YiiRoot/framework/zii/widgets/CBaseListView.php(143): preg_replace_callback('/{(\w+)}/', Array, '{summary}?{item...')
#12 /var/www/YiiRoot/framework/zii/widgets/CBaseListView.php(128): CBaseListView->renderContent()
#13 /var/www/YiiRoot/framework/web/CBaseController.php(173): CBaseListView->run()
#14 /var/www/mysqlPanel/protected/modules/admin/views/result/index.php(48): CBaseController->widget('zii.widgets.gri...', Array)
#15 /var/www/YiiRoot/framework/web/CBaseController.php(126): require('/var/www/mysqlP...')
#16 /var/www/YiiRoot/framework/web/CBaseController.php(95): CBaseController->renderInternal('/var/www/mysqlP...', Array, true)
#17 /var/www/YiiRoot/framework/web/CController.php(869): CBaseController->renderFile('/var/www/mysqlP...', Array, true)
#18 /var/www/YiiRoot/framework/web/CController.php(782): CController->renderPartial('index', Array, true)
#19 /var/www/mysqlPanel/protected/modules/admin/controllers/ResultController.php(80): CController->render('index', Array)
#20 /var/www/YiiRoot/framework/web/actions/CInlineAction.php(49): ResultController->actionIndex()
#21 /var/www/YiiRoot/framework/web/CController.php(308): CInlineAction->runWithParams(Array)
#22 /var/www/YiiRoot/framework/web/filters/CFilterChain.php(133): CController->runAction(Object(CInlineAction))
#23 /var/www/YiiRoot/framework/web/filters/CFilter.php(40): CFilterChain->run()
#24 /var/www/YiiRoot/framework/web/CController.php(1145): CFilter->filter(Object(CFilterChain))
#25 /var/www/YiiRoot/framework/web/filters/CInlineFilter.php(58): CController->filterAccessControl(Object(CFilterChain))
#26 /var/www/YiiRoot/framework/web/filters/CFilterChain.php(130): CInlineFilter->filter(Object(CFilterChain))
#27 /var/www/YiiRoot/framework/web/CController.php(291): CFilterChain->run()
#28 /var/www/YiiRoot/framework/web/CController.php(265): CController->runActionWithFilters(Object(CInlineAction), Array)
#29 /var/www/YiiRoot/framework/web/CWebApplication.php(282): CController->run('index')
#30 /var/www/YiiRoot/framework/web/CWebApplication.php(141): CWebApplication->runController('admin/result/in...')
#31 /var/www/YiiRoot/framework/base/CApplication.php(169): CWebApplication->processRequest()
#32 /var/www/mysqlPanel/index.php(14): CApplication->run()
#33 {main}
REQUEST_URI=/mysqlPanel/admin/result/index
HTTP_REFERER=http://localhost/mysqlPanel/admin
---
2013/05/24 19:44:09 [error] [exception.CException] exception 'CException' with message 'Property "Result.userId" is not defined.' in /var/www/YiiRoot/framework/base/CComponent.php:130
Stack trace:
#0 /var/www/YiiRoot/framework/db/ar/CActiveRecord.php(143): CComponent->__get('userId')
#1 /var/www/YiiRoot/framework/web/helpers/CHtml.php(2255): CActiveRecord->__get('userId')
#2 /var/www/YiiRoot/framework/web/helpers/CHtml.php(1980): CHtml::resolveValue(Object(Result), 'userId')
#3 /var/www/YiiRoot/framework/web/helpers/CHtml.php(1257): CHtml::activeInputField('text', Object(Result), 'userId', Array)
#4 /var/www/YiiRoot/framework/zii/widgets/grid/CDataColumn.php(97): CHtml::activeTextField(Object(Result), 'userId', Array)
#5 /var/www/YiiRoot/framework/zii/widgets/grid/CGridColumn.php(109): CDataColumn->renderFilterCellContent()
#6 /var/www/YiiRoot/framework/zii/widgets/grid/CGridView.php(505): CGridColumn->renderFilterCell()
#7 /var/www/YiiRoot/framework/zii/widgets/grid/CGridView.php(483): CGridView->renderFilter()
#8 /var/www/YiiRoot/framework/zii/widgets/grid/CGridView.php(453): CGridView->renderTableHeader()
#9 /var/www/YiiRoot/framework/zii/widgets/CBaseListView.php(160): CGridView->renderItems()
#10 [internal function]: CBaseListView->renderSection(Array)
#11 /var/www/YiiRoot/framework/zii/widgets/CBaseListView.php(143): preg_replace_callback('/{(\w+)}/', Array, '{summary}?{item...')
#12 /var/www/YiiRoot/framework/zii/widgets/CBaseListView.php(128): CBaseListView->renderContent()
#13 /var/www/YiiRoot/framework/web/CBaseController.php(173): CBaseListView->run()
#14 /var/www/mysqlPanel/protected/modules/admin/views/result/index.php(48): CBaseController->widget('zii.widgets.gri...', Array)
#15 /var/www/YiiRoot/framework/web/CBaseController.php(126): require('/var/www/mysqlP...')
#16 /var/www/YiiRoot/framework/web/CBaseController.php(95): CBaseController->renderInternal('/var/www/mysqlP...', Array, true)
#17 /var/www/YiiRoot/framework/web/CController.php(869): CBaseController->renderFile('/var/www/mysqlP...', Array, true)
#18 /var/www/YiiRoot/framework/web/CController.php(782): CController->renderPartial('index', Array, true)
#19 /var/www/mysqlPanel/protected/modules/admin/controllers/ResultController.php(80): CController->render('index', Array)
#20 /var/www/YiiRoot/framework/web/actions/CInlineAction.php(49): ResultController->actionIndex()
#21 /var/www/YiiRoot/framework/web/CController.php(308): CInlineAction->runWithParams(Array)
#22 /var/www/YiiRoot/framework/web/filters/CFilterChain.php(133): CController->runAction(Object(CInlineAction))
#23 /var/www/YiiRoot/framework/web/filters/CFilter.php(40): CFilterChain->run()
#24 /var/www/YiiRoot/framework/web/CController.php(1145): CFilter->filter(Object(CFilterChain))
#25 /var/www/YiiRoot/framework/web/filters/CInlineFilter.php(58): CController->filterAccessControl(Object(CFilterChain))
#26 /var/www/YiiRoot/framework/web/filters/CFilterChain.php(130): CInlineFilter->filter(Object(CFilterChain))
#27 /var/www/YiiRoot/framework/web/CController.php(291): CFilterChain->run()
#28 /var/www/YiiRoot/framework/web/CController.php(265): CController->runActionWithFilters(Object(CInlineAction), Array)
#29 /var/www/YiiRoot/framework/web/CWebApplication.php(282): CController->run('index')
#30 /var/www/YiiRoot/framework/web/CWebApplication.php(141): CWebApplication->runController('admin/result/in...')
#31 /var/www/YiiRoot/framework/base/CApplication.php(169): CWebApplication->processRequest()
#32 /var/www/mysqlPanel/index.php(14): CApplication->run()
#33 {main}
REQUEST_URI=/mysqlPanel/admin/result/index
HTTP_REFERER=http://localhost/mysqlPanel/admin
---
2013/05/24 19:44:10 [error] [exception.CException] exception 'CException' with message 'Property "Result.userId" is not defined.' in /var/www/YiiRoot/framework/base/CComponent.php:130
Stack trace:
#0 /var/www/YiiRoot/framework/db/ar/CActiveRecord.php(143): CComponent->__get('userId')
#1 /var/www/YiiRoot/framework/web/helpers/CHtml.php(2255): CActiveRecord->__get('userId')
#2 /var/www/YiiRoot/framework/web/helpers/CHtml.php(1980): CHtml::resolveValue(Object(Result), 'userId')
#3 /var/www/YiiRoot/framework/web/helpers/CHtml.php(1257): CHtml::activeInputField('text', Object(Result), 'userId', Array)
#4 /var/www/YiiRoot/framework/zii/widgets/grid/CDataColumn.php(97): CHtml::activeTextField(Object(Result), 'userId', Array)
#5 /var/www/YiiRoot/framework/zii/widgets/grid/CGridColumn.php(109): CDataColumn->renderFilterCellContent()
#6 /var/www/YiiRoot/framework/zii/widgets/grid/CGridView.php(505): CGridColumn->renderFilterCell()
#7 /var/www/YiiRoot/framework/zii/widgets/grid/CGridView.php(483): CGridView->renderFilter()
#8 /var/www/YiiRoot/framework/zii/widgets/grid/CGridView.php(453): CGridView->renderTableHeader()
#9 /var/www/YiiRoot/framework/zii/widgets/CBaseListView.php(160): CGridView->renderItems()
#10 [internal function]: CBaseListView->renderSection(Array)
#11 /var/www/YiiRoot/framework/zii/widgets/CBaseListView.php(143): preg_replace_callback('/{(\w+)}/', Array, '{summary}?{item...')
#12 /var/www/YiiRoot/framework/zii/widgets/CBaseListView.php(128): CBaseListView->renderContent()
#13 /var/www/YiiRoot/framework/web/CBaseController.php(173): CBaseListView->run()
#14 /var/www/mysqlPanel/protected/modules/admin/views/result/index.php(48): CBaseController->widget('zii.widgets.gri...', Array)
#15 /var/www/YiiRoot/framework/web/CBaseController.php(126): require('/var/www/mysqlP...')
#16 /var/www/YiiRoot/framework/web/CBaseController.php(95): CBaseController->renderInternal('/var/www/mysqlP...', Array, true)
#17 /var/www/YiiRoot/framework/web/CController.php(869): CBaseController->renderFile('/var/www/mysqlP...', Array, true)
#18 /var/www/YiiRoot/framework/web/CController.php(782): CController->renderPartial('index', Array, true)
#19 /var/www/mysqlPanel/protected/modules/admin/controllers/ResultController.php(80): CController->render('index', Array)
#20 /var/www/YiiRoot/framework/web/actions/CInlineAction.php(49): ResultController->actionIndex()
#21 /var/www/YiiRoot/framework/web/CController.php(308): CInlineAction->runWithParams(Array)
#22 /var/www/YiiRoot/framework/web/filters/CFilterChain.php(133): CController->runAction(Object(CInlineAction))
#23 /var/www/YiiRoot/framework/web/filters/CFilter.php(40): CFilterChain->run()
#24 /var/www/YiiRoot/framework/web/CController.php(1145): CFilter->filter(Object(CFilterChain))
#25 /var/www/YiiRoot/framework/web/filters/CInlineFilter.php(58): CController->filterAccessControl(Object(CFilterChain))
#26 /var/www/YiiRoot/framework/web/filters/CFilterChain.php(130): CInlineFilter->filter(Object(CFilterChain))
#27 /var/www/YiiRoot/framework/web/CController.php(291): CFilterChain->run()
#28 /var/www/YiiRoot/framework/web/CController.php(265): CController->runActionWithFilters(Object(CInlineAction), Array)
#29 /var/www/YiiRoot/framework/web/CWebApplication.php(282): CController->run('index')
#30 /var/www/YiiRoot/framework/web/CWebApplication.php(141): CWebApplication->runController('admin/result/in...')
#31 /var/www/YiiRoot/framework/base/CApplication.php(169): CWebApplication->processRequest()
#32 /var/www/mysqlPanel/index.php(14): CApplication->run()
#33 {main}
REQUEST_URI=/mysqlPanel/admin/result/index
HTTP_REFERER=http://localhost/mysqlPanel/admin
---
2013/05/24 19:47:41 [error] [php] Trying to get property of non-object (/var/www/YiiRoot/framework/base/CComponent.php(606) : eval()'d code:1)
Stack trace:
#0 /var/www/YiiRoot/framework/zii/widgets/grid/CGridColumn.php(144): CDataColumn->renderDataCellContent()
#1 /var/www/YiiRoot/framework/zii/widgets/grid/CGridView.php(589): CDataColumn->renderDataCell()
#2 /var/www/YiiRoot/framework/zii/widgets/grid/CGridView.php(545): CGridView->renderTableRow()
#3 /var/www/YiiRoot/framework/zii/widgets/grid/CGridView.php(455): CGridView->renderTableBody()
#4 /var/www/YiiRoot/framework/zii/widgets/CBaseListView.php(160): CGridView->renderItems()
#5 unknown(0): CGridView->renderSection()
#6 /var/www/YiiRoot/framework/zii/widgets/CBaseListView.php(143): preg_replace_callback()
#7 /var/www/YiiRoot/framework/zii/widgets/CBaseListView.php(128): CGridView->renderContent()
#8 /var/www/YiiRoot/framework/web/CBaseController.php(173): CGridView->run()
#9 /var/www/mysqlPanel/protected/modules/admin/views/result/index.php(52): ResultController->widget()
#10 /var/www/YiiRoot/framework/web/CBaseController.php(126): require()
#11 /var/www/YiiRoot/framework/web/CBaseController.php(95): ResultController->renderInternal()
#12 /var/www/YiiRoot/framework/web/CController.php(869): ResultController->renderFile()
#13 /var/www/YiiRoot/framework/web/CController.php(782): ResultController->renderPartial()
#14 /var/www/mysqlPanel/protected/modules/admin/controllers/ResultController.php(80): ResultController->render()
#15 /var/www/YiiRoot/framework/web/actions/CInlineAction.php(49): ResultController->actionIndex()
#16 /var/www/YiiRoot/framework/web/CController.php(308): CInlineAction->runWithParams()
#17 /var/www/YiiRoot/framework/web/filters/CFilterChain.php(133): ResultController->runAction()
#18 /var/www/YiiRoot/framework/web/filters/CFilter.php(40): CFilterChain->run()
#19 /var/www/YiiRoot/framework/web/CController.php(1145): CAccessControlFilter->filter()
#20 /var/www/YiiRoot/framework/web/filters/CInlineFilter.php(58): ResultController->filterAccessControl()
#21 /var/www/YiiRoot/framework/web/filters/CFilterChain.php(130): CInlineFilter->filter()
#22 /var/www/YiiRoot/framework/web/CController.php(291): CFilterChain->run()
#23 /var/www/YiiRoot/framework/web/CController.php(265): ResultController->runActionWithFilters()
#24 /var/www/YiiRoot/framework/web/CWebApplication.php(282): ResultController->run()
#25 /var/www/YiiRoot/framework/web/CWebApplication.php(141): CWebApplication->runController()
#26 /var/www/YiiRoot/framework/base/CApplication.php(169): CWebApplication->processRequest()
#27 /var/www/mysqlPanel/index.php(14): CWebApplication->run()
REQUEST_URI=/mysqlPanel/admin/result/index
in /var/www/mysqlPanel/protected/modules/admin/views/result/index.php (52)
in /var/www/mysqlPanel/protected/modules/admin/controllers/ResultController.php (80)
in /var/www/mysqlPanel/index.php (14)
2013/05/24 19:48:01 [error] [php] Trying to get property of non-object (/var/www/YiiRoot/framework/base/CComponent.php(606) : eval()'d code:1)
Stack trace:
#0 /var/www/YiiRoot/framework/zii/widgets/grid/CGridColumn.php(144): CDataColumn->renderDataCellContent()
#1 /var/www/YiiRoot/framework/zii/widgets/grid/CGridView.php(589): CDataColumn->renderDataCell()
#2 /var/www/YiiRoot/framework/zii/widgets/grid/CGridView.php(545): CGridView->renderTableRow()
#3 /var/www/YiiRoot/framework/zii/widgets/grid/CGridView.php(455): CGridView->renderTableBody()
#4 /var/www/YiiRoot/framework/zii/widgets/CBaseListView.php(160): CGridView->renderItems()
#5 unknown(0): CGridView->renderSection()
#6 /var/www/YiiRoot/framework/zii/widgets/CBaseListView.php(143): preg_replace_callback()
#7 /var/www/YiiRoot/framework/zii/widgets/CBaseListView.php(128): CGridView->renderContent()
#8 /var/www/YiiRoot/framework/web/CBaseController.php(173): CGridView->run()
#9 /var/www/mysqlPanel/protected/modules/admin/views/result/index.php(52): ResultController->widget()
#10 /var/www/YiiRoot/framework/web/CBaseController.php(126): require()
#11 /var/www/YiiRoot/framework/web/CBaseController.php(95): ResultController->renderInternal()
#12 /var/www/YiiRoot/framework/web/CController.php(869): ResultController->renderFile()
#13 /var/www/YiiRoot/framework/web/CController.php(782): ResultController->renderPartial()
#14 /var/www/mysqlPanel/protected/modules/admin/controllers/ResultController.php(80): ResultController->render()
#15 /var/www/YiiRoot/framework/web/actions/CInlineAction.php(49): ResultController->actionIndex()
#16 /var/www/YiiRoot/framework/web/CController.php(308): CInlineAction->runWithParams()
#17 /var/www/YiiRoot/framework/web/filters/CFilterChain.php(133): ResultController->runAction()
#18 /var/www/YiiRoot/framework/web/filters/CFilter.php(40): CFilterChain->run()
#19 /var/www/YiiRoot/framework/web/CController.php(1145): CAccessControlFilter->filter()
#20 /var/www/YiiRoot/framework/web/filters/CInlineFilter.php(58): ResultController->filterAccessControl()
#21 /var/www/YiiRoot/framework/web/filters/CFilterChain.php(130): CInlineFilter->filter()
#22 /var/www/YiiRoot/framework/web/CController.php(291): CFilterChain->run()
#23 /var/www/YiiRoot/framework/web/CController.php(265): ResultController->runActionWithFilters()
#24 /var/www/YiiRoot/framework/web/CWebApplication.php(282): ResultController->run()
#25 /var/www/YiiRoot/framework/web/CWebApplication.php(141): CWebApplication->runController()
#26 /var/www/YiiRoot/framework/base/CApplication.php(169): CWebApplication->processRequest()
#27 /var/www/mysqlPanel/index.php(14): CWebApplication->run()
REQUEST_URI=/mysqlPanel/admin/result/index
in /var/www/mysqlPanel/protected/modules/admin/views/result/index.php (52)
in /var/www/mysqlPanel/protected/modules/admin/controllers/ResultController.php (80)
in /var/www/mysqlPanel/index.php (14)
2013/05/24 19:48:23 [error] [php] Trying to get property of non-object (/var/www/YiiRoot/framework/base/CComponent.php(606) : eval()'d code:1)
Stack trace:
#0 /var/www/YiiRoot/framework/zii/widgets/grid/CGridColumn.php(144): CDataColumn->renderDataCellContent()
#1 /var/www/YiiRoot/framework/zii/widgets/grid/CGridView.php(589): CDataColumn->renderDataCell()
#2 /var/www/YiiRoot/framework/zii/widgets/grid/CGridView.php(545): CGridView->renderTableRow()
#3 /var/www/YiiRoot/framework/zii/widgets/grid/CGridView.php(455): CGridView->renderTableBody()
#4 /var/www/YiiRoot/framework/zii/widgets/CBaseListView.php(160): CGridView->renderItems()
#5 unknown(0): CGridView->renderSection()
#6 /var/www/YiiRoot/framework/zii/widgets/CBaseListView.php(143): preg_replace_callback()
#7 /var/www/YiiRoot/framework/zii/widgets/CBaseListView.php(128): CGridView->renderContent()
#8 /var/www/YiiRoot/framework/web/CBaseController.php(173): CGridView->run()
#9 /var/www/mysqlPanel/protected/modules/admin/views/result/index.php(53): ResultController->widget()
#10 /var/www/YiiRoot/framework/web/CBaseController.php(126): require()
#11 /var/www/YiiRoot/framework/web/CBaseController.php(95): ResultController->renderInternal()
#12 /var/www/YiiRoot/framework/web/CController.php(869): ResultController->renderFile()
#13 /var/www/YiiRoot/framework/web/CController.php(782): ResultController->renderPartial()
#14 /var/www/mysqlPanel/protected/modules/admin/controllers/ResultController.php(80): ResultController->render()
#15 /var/www/YiiRoot/framework/web/actions/CInlineAction.php(49): ResultController->actionIndex()
#16 /var/www/YiiRoot/framework/web/CController.php(308): CInlineAction->runWithParams()
#17 /var/www/YiiRoot/framework/web/filters/CFilterChain.php(133): ResultController->runAction()
#18 /var/www/YiiRoot/framework/web/filters/CFilter.php(40): CFilterChain->run()
#19 /var/www/YiiRoot/framework/web/CController.php(1145): CAccessControlFilter->filter()
#20 /var/www/YiiRoot/framework/web/filters/CInlineFilter.php(58): ResultController->filterAccessControl()
#21 /var/www/YiiRoot/framework/web/filters/CFilterChain.php(130): CInlineFilter->filter()
#22 /var/www/YiiRoot/framework/web/CController.php(291): CFilterChain->run()
#23 /var/www/YiiRoot/framework/web/CController.php(265): ResultController->runActionWithFilters()
#24 /var/www/YiiRoot/framework/web/CWebApplication.php(282): ResultController->run()
#25 /var/www/YiiRoot/framework/web/CWebApplication.php(141): CWebApplication->runController()
#26 /var/www/YiiRoot/framework/base/CApplication.php(169): CWebApplication->processRequest()
#27 /var/www/mysqlPanel/index.php(14): CWebApplication->run()
REQUEST_URI=/mysqlPanel/admin/result/index
in /var/www/mysqlPanel/protected/modules/admin/views/result/index.php (53)
in /var/www/mysqlPanel/protected/modules/admin/controllers/ResultController.php (80)
in /var/www/mysqlPanel/index.php (14)
2013/05/24 19:51:21 [error] [php] Undefined variable: date (/var/www/YiiRoot/framework/base/CComponent.php(606) : eval()'d code:1)
Stack trace:
#0 /var/www/YiiRoot/framework/zii/widgets/grid/CGridColumn.php(144): CDataColumn->renderDataCellContent()
#1 /var/www/YiiRoot/framework/zii/widgets/grid/CGridView.php(589): CDataColumn->renderDataCell()
#2 /var/www/YiiRoot/framework/zii/widgets/grid/CGridView.php(545): CGridView->renderTableRow()
#3 /var/www/YiiRoot/framework/zii/widgets/grid/CGridView.php(455): CGridView->renderTableBody()
#4 /var/www/YiiRoot/framework/zii/widgets/CBaseListView.php(160): CGridView->renderItems()
#5 unknown(0): CGridView->renderSection()
#6 /var/www/YiiRoot/framework/zii/widgets/CBaseListView.php(143): preg_replace_callback()
#7 /var/www/YiiRoot/framework/zii/widgets/CBaseListView.php(128): CGridView->renderContent()
#8 /var/www/YiiRoot/framework/web/CBaseController.php(173): CGridView->run()
#9 /var/www/mysqlPanel/protected/modules/admin/views/result/index.php(52): ResultController->widget()
#10 /var/www/YiiRoot/framework/web/CBaseController.php(126): require()
#11 /var/www/YiiRoot/framework/web/CBaseController.php(95): ResultController->renderInternal()
#12 /var/www/YiiRoot/framework/web/CController.php(869): ResultController->renderFile()
#13 /var/www/YiiRoot/framework/web/CController.php(782): ResultController->renderPartial()
#14 /var/www/mysqlPanel/protected/modules/admin/controllers/ResultController.php(80): ResultController->render()
#15 /var/www/YiiRoot/framework/web/actions/CInlineAction.php(49): ResultController->actionIndex()
#16 /var/www/YiiRoot/framework/web/CController.php(308): CInlineAction->runWithParams()
#17 /var/www/YiiRoot/framework/web/filters/CFilterChain.php(133): ResultController->runAction()
#18 /var/www/YiiRoot/framework/web/filters/CFilter.php(40): CFilterChain->run()
#19 /var/www/YiiRoot/framework/web/CController.php(1145): CAccessControlFilter->filter()
#20 /var/www/YiiRoot/framework/web/filters/CInlineFilter.php(58): ResultController->filterAccessControl()
#21 /var/www/YiiRoot/framework/web/filters/CFilterChain.php(130): CInlineFilter->filter()
#22 /var/www/YiiRoot/framework/web/CController.php(291): CFilterChain->run()
#23 /var/www/YiiRoot/framework/web/CController.php(265): ResultController->runActionWithFilters()
#24 /var/www/YiiRoot/framework/web/CWebApplication.php(282): ResultController->run()
#25 /var/www/YiiRoot/framework/web/CWebApplication.php(141): CWebApplication->runController()
#26 /var/www/YiiRoot/framework/base/CApplication.php(169): CWebApplication->processRequest()
#27 /var/www/mysqlPanel/index.php(14): CWebApplication->run()
REQUEST_URI=/mysqlPanel/admin/result/index
in /var/www/mysqlPanel/protected/modules/admin/views/result/index.php (52)
in /var/www/mysqlPanel/protected/modules/admin/controllers/ResultController.php (80)
in /var/www/mysqlPanel/index.php (14)
2013/05/24 19:51:38 [error] [php] Undefined variable: date (/var/www/YiiRoot/framework/base/CComponent.php(606) : eval()'d code:1)
Stack trace:
#0 /var/www/YiiRoot/framework/zii/widgets/grid/CGridColumn.php(144): CDataColumn->renderDataCellContent()
#1 /var/www/YiiRoot/framework/zii/widgets/grid/CGridView.php(589): CDataColumn->renderDataCell()
#2 /var/www/YiiRoot/framework/zii/widgets/grid/CGridView.php(545): CGridView->renderTableRow()
#3 /var/www/YiiRoot/framework/zii/widgets/grid/CGridView.php(455): CGridView->renderTableBody()
#4 /var/www/YiiRoot/framework/zii/widgets/CBaseListView.php(160): CGridView->renderItems()
#5 unknown(0): CGridView->renderSection()
#6 /var/www/YiiRoot/framework/zii/widgets/CBaseListView.php(143): preg_replace_callback()
#7 /var/www/YiiRoot/framework/zii/widgets/CBaseListView.php(128): CGridView->renderContent()
#8 /var/www/YiiRoot/framework/web/CBaseController.php(173): CGridView->run()
#9 /var/www/mysqlPanel/protected/modules/admin/views/result/index.php(52): ResultController->widget()
#10 /var/www/YiiRoot/framework/web/CBaseController.php(126): require()
#11 /var/www/YiiRoot/framework/web/CBaseController.php(95): ResultController->renderInternal()
#12 /var/www/YiiRoot/framework/web/CController.php(869): ResultController->renderFile()
#13 /var/www/YiiRoot/framework/web/CController.php(782): ResultController->renderPartial()
#14 /var/www/mysqlPanel/protected/modules/admin/controllers/ResultController.php(80): ResultController->render()
#15 /var/www/YiiRoot/framework/web/actions/CInlineAction.php(49): ResultController->actionIndex()
#16 /var/www/YiiRoot/framework/web/CController.php(308): CInlineAction->runWithParams()
#17 /var/www/YiiRoot/framework/web/filters/CFilterChain.php(133): ResultController->runAction()
#18 /var/www/YiiRoot/framework/web/filters/CFilter.php(40): CFilterChain->run()
#19 /var/www/YiiRoot/framework/web/CController.php(1145): CAccessControlFilter->filter()
#20 /var/www/YiiRoot/framework/web/filters/CInlineFilter.php(58): ResultController->filterAccessControl()
#21 /var/www/YiiRoot/framework/web/filters/CFilterChain.php(130): CInlineFilter->filter()
#22 /var/www/YiiRoot/framework/web/CController.php(291): CFilterChain->run()
#23 /var/www/YiiRoot/framework/web/CController.php(265): ResultController->runActionWithFilters()
#24 /var/www/YiiRoot/framework/web/CWebApplication.php(282): ResultController->run()
#25 /var/www/YiiRoot/framework/web/CWebApplication.php(141): CWebApplication->runController()
#26 /var/www/YiiRoot/framework/base/CApplication.php(169): CWebApplication->processRequest()
#27 /var/www/mysqlPanel/index.php(14): CWebApplication->run()
REQUEST_URI=/mysqlPanel/admin/result/index
in /var/www/mysqlPanel/protected/modules/admin/views/result/index.php (52)
in /var/www/mysqlPanel/protected/modules/admin/controllers/ResultController.php (80)
in /var/www/mysqlPanel/index.php (14)
2013/05/24 19:54:28 [error] [exception.CException] exception 'CException' with message 'Property "CDataColumn.fulter" is not defined.' in /var/www/YiiRoot/framework/base/CComponent.php:173
Stack trace:
#0 /var/www/YiiRoot/framework/YiiBase.php(220): CComponent->__set('fulter', false)
#1 /var/www/YiiRoot/framework/zii/widgets/grid/CGridView.php(363): YiiBase::createComponent(Array, Object(CGridView))
#2 /var/www/YiiRoot/framework/zii/widgets/grid/CGridView.php(334): CGridView->initColumns()
#3 /var/www/YiiRoot/framework/web/CBaseController.php(147): CGridView->init()
#4 /var/www/YiiRoot/framework/web/CBaseController.php(172): CBaseController->createWidget('zii.widgets.gri...', Array)
#5 /var/www/mysqlPanel/protected/modules/admin/views/result/index.php(49): CBaseController->widget('zii.widgets.gri...', Array)
#6 /var/www/YiiRoot/framework/web/CBaseController.php(126): require('/var/www/mysqlP...')
#7 /var/www/YiiRoot/framework/web/CBaseController.php(95): CBaseController->renderInternal('/var/www/mysqlP...', Array, true)
#8 /var/www/YiiRoot/framework/web/CController.php(869): CBaseController->renderFile('/var/www/mysqlP...', Array, true)
#9 /var/www/YiiRoot/framework/web/CController.php(782): CController->renderPartial('index', Array, true)
#10 /var/www/mysqlPanel/protected/modules/admin/controllers/ResultController.php(80): CController->render('index', Array)
#11 /var/www/YiiRoot/framework/web/actions/CInlineAction.php(49): ResultController->actionIndex()
#12 /var/www/YiiRoot/framework/web/CController.php(308): CInlineAction->runWithParams(Array)
#13 /var/www/YiiRoot/framework/web/filters/CFilterChain.php(133): CController->runAction(Object(CInlineAction))
#14 /var/www/YiiRoot/framework/web/filters/CFilter.php(40): CFilterChain->run()
#15 /var/www/YiiRoot/framework/web/CController.php(1145): CFilter->filter(Object(CFilterChain))
#16 /var/www/YiiRoot/framework/web/filters/CInlineFilter.php(58): CController->filterAccessControl(Object(CFilterChain))
#17 /var/www/YiiRoot/framework/web/filters/CFilterChain.php(130): CInlineFilter->filter(Object(CFilterChain))
#18 /var/www/YiiRoot/framework/web/CController.php(291): CFilterChain->run()
#19 /var/www/YiiRoot/framework/web/CController.php(265): CController->runActionWithFilters(Object(CInlineAction), Array)
#20 /var/www/YiiRoot/framework/web/CWebApplication.php(282): CController->run('index')
#21 /var/www/YiiRoot/framework/web/CWebApplication.php(141): CWebApplication->runController('admin/result/in...')
#22 /var/www/YiiRoot/framework/base/CApplication.php(169): CWebApplication->processRequest()
#23 /var/www/mysqlPanel/index.php(14): CApplication->run()
#24 {main}
REQUEST_URI=/mysqlPanel/admin/result/index
HTTP_REFERER=http://localhost/mysqlPanel/admin/test/index
---
2013/05/24 19:54:44 [warning] [application] Failed to set unsafe attribute "username" of "Result".
in /var/www/mysqlPanel/protected/modules/admin/controllers/ResultController.php (76)
in /var/www/mysqlPanel/index.php (14)
2013/05/24 19:54:44 [warning] [application] Failed to set unsafe attribute "test" of "Result".
in /var/www/mysqlPanel/protected/modules/admin/controllers/ResultController.php (76)
in /var/www/mysqlPanel/index.php (14)
2013/05/24 19:54:48 [warning] [application] Failed to set unsafe attribute "username" of "Result".
in /var/www/mysqlPanel/protected/modules/admin/controllers/ResultController.php (76)
in /var/www/mysqlPanel/index.php (14)
2013/05/24 19:54:48 [warning] [application] Failed to set unsafe attribute "test" of "Result".
in /var/www/mysqlPanel/protected/modules/admin/controllers/ResultController.php (76)
in /var/www/mysqlPanel/index.php (14)
2013/05/24 19:55:08 [warning] [application] Failed to set unsafe attribute "username" of "Result".
in /var/www/mysqlPanel/protected/modules/admin/controllers/ResultController.php (76)
in /var/www/mysqlPanel/index.php (14)
2013/05/24 19:55:08 [warning] [application] Failed to set unsafe attribute "test" of "Result".
in /var/www/mysqlPanel/protected/modules/admin/controllers/ResultController.php (76)
in /var/www/mysqlPanel/index.php (14)
2013/05/24 21:03:43 [warning] [application] Failed to set unsafe attribute "question" of "Test".
in /var/www/mysqlPanel/protected/controllers/TestController.php (55)
in /var/www/mysqlPanel/index.php (14)
